<?xml version="1.0" encoding="UTF-8"?>
<!-- Generated by org.testng.reporters.JUnitReportReporter -->
<testsuite hostname="DESKTOP-P6TE74L" failures="0" tests="2" name="hust.cs.javacourse.search.parse.LengthTermTupleFilterTest" time="0.001" errors="0" timestamp="23 3æœˆ 2023 04:10:05 GMT" skipped="0">
  <testcase classname="hust.cs.javacourse.search.parse.LengthTermTupleFilterTest" name="testNext" time="0.000"/>
  <testcase classname="hust.cs.javacourse.search.parse.LengthTermTupleFilterTest" name="testNext" time="0.001"/>
</testsuite> <!-- hust.cs.javacourse.search.parse.LengthTermTupleFilterTest -->
