<?xml version="1.0" encoding="UTF-8"?>
<!-- Generated by org.testng.reporters.JUnitReportReporter -->
<testsuite hostname="DESKTOP-P6TE74L" failures="0" tests="10" name="hust.cs.javacourse.search.index.IndexTest" time="0.085" errors="0" timestamp="23 3æœˆ 2023 04:10:05 GMT" skipped="0">
  <testcase classname="hust.cs.javacourse.search.index.IndexTest" name="testLoad" time="0.016"/>
  <testcase classname="hust.cs.javacourse.search.index.IndexTest" name="testReadObject" time="0.022"/>
  <testcase classname="hust.cs.javacourse.search.index.IndexTest" name="testSearch" time="0.000"/>
  <testcase classname="hust.cs.javacourse.search.index.IndexTest" name="testGetDocName" time="0.001"/>
  <testcase classname="hust.cs.javacourse.search.index.IndexTest" name="testGetDictionary" time="0.000"/>
  <testcase classname="hust.cs.javacourse.search.index.IndexTest" name="testTestToString" time="0.006"/>
  <testcase classname="hust.cs.javacourse.search.index.IndexTest" name="testSave" time="0.013"/>
  <testcase classname="hust.cs.javacourse.search.index.IndexTest" name="testWriteObject" time="0.025"/>
  <testcase classname="hust.cs.javacourse.search.index.IndexTest" name="testOptimize" time="0.001"/>
  <testcase classname="hust.cs.javacourse.search.index.IndexTest" name="testAddDocument" time="0.001"/>
</testsuite> <!-- hust.cs.javacourse.search.index.IndexTest -->
