<?xml version="1.0" encoding="UTF-8"?>
<!-- Generated by org.testng.reporters.JUnitReportReporter -->
<testsuite hostname="DESKTOP-P6TE74L" failures="0" tests="4" name="hust.cs.javacourse.search.index.TermTupleTest" time="0.011" errors="0" timestamp="23 3æœˆ 2023 04:10:05 GMT" skipped="0">
  <testcase classname="hust.cs.javacourse.search.index.TermTupleTest" name="testTestEquals" time="0.000"/>
  <testcase classname="hust.cs.javacourse.search.index.TermTupleTest" name="testTestEquals" time="0.000"/>
  <testcase classname="hust.cs.javacourse.search.index.TermTupleTest" name="testTestEquals" time="0.000"/>
  <testcase classname="hust.cs.javacourse.search.index.TermTupleTest" name="testTestToString" time="0.011"/>
</testsuite> <!-- hust.cs.javacourse.search.index.TermTupleTest -->
